<?xml version="1.0" encoding="UTF-8"?>
<testng-results ignored="0" total="8" passed="8" failed="0" skipped="0">
  <reporter-output>
  </reporter-output>
  <suite started-at="2025-09-19T22:06:27 PKT" name="Suite" finished-at="2025-09-19T22:07:54 PKT" duration-ms="86700">
    <groups>
    </groups>
    <test started-at="2025-09-19T22:06:27 PKT" name="Test" finished-at="2025-09-19T22:07:54 PKT" duration-ms="86700">
      <class name="com.sbstore.test.LoginTest">
        <test-method is-config="true" signature="InitDrive()[pri:0, instance:com.sbstore.test.LoginTest@3c9754d8]" started-at="2025-09-19T22:06:23 PKT" name="InitDrive" finished-at="2025-09-19T22:06:27 PKT" duration-ms="4217" status="PASS">
          <reporter-output>
          </reporter-output>
        </test-method> <!-- InitDrive -->
        <test-method signature="loginwithvalidcredentials()[pri:1, instance:com.sbstore.test.LoginTest@3c9754d8]" started-at="2025-09-19T22:06:28 PKT" name="loginwithvalidcredentials" finished-at="2025-09-19T22:06:52 PKT" duration-ms="24176" status="PASS">
          <reporter-output>
          </reporter-output>
        </test-method> <!-- loginwithvalidcredentials -->
        <test-method signature="Selectingthecategory()[pri:2, instance:com.sbstore.test.LoginTest@3c9754d8]" started-at="2025-09-19T22:06:52 PKT" name="Selectingthecategory" finished-at="2025-09-19T22:07:24 PKT" duration-ms="31887" status="PASS">
          <reporter-output>
          </reporter-output>
        </test-method> <!-- Selectingthecategory -->
        <test-method signature="SelectingtheSubCategory()[pri:3, instance:com.sbstore.test.LoginTest@3c9754d8]" started-at="2025-09-19T22:07:24 PKT" name="SelectingtheSubCategory" finished-at="2025-09-19T22:07:35 PKT" duration-ms="10944" status="PASS">
          <reporter-output>
          </reporter-output>
        </test-method> <!-- SelectingtheSubCategory -->
        <test-method signature="Addingtocartproduct()[pri:4, instance:com.sbstore.test.LoginTest@3c9754d8]" started-at="2025-09-19T22:07:35 PKT" name="Addingtocartproduct" finished-at="2025-09-19T22:07:35 PKT" duration-ms="910" status="PASS">
          <reporter-output>
          </reporter-output>
        </test-method> <!-- Addingtocartproduct -->
        <test-method signature="GoingBacktohomepage()[pri:5, instance:com.sbstore.test.LoginTest@3c9754d8]" started-at="2025-09-19T22:07:35 PKT" name="GoingBacktohomepage" finished-at="2025-09-19T22:07:39 PKT" duration-ms="3921" status="PASS">
          <reporter-output>
          </reporter-output>
        </test-method> <!-- GoingBacktohomepage -->
        <test-method signature="ViewCartProducts()[pri:6, instance:com.sbstore.test.LoginTest@3c9754d8]" started-at="2025-09-19T22:07:39 PKT" name="ViewCartProducts" finished-at="2025-09-19T22:07:50 PKT" duration-ms="10923" status="PASS">
          <reporter-output>
          </reporter-output>
        </test-method> <!-- ViewCartProducts -->
        <test-method signature="CheckingOut()[pri:7, instance:com.sbstore.test.LoginTest@3c9754d8]" started-at="2025-09-19T22:07:50 PKT" name="CheckingOut" finished-at="2025-09-19T22:07:54 PKT" duration-ms="3870" status="PASS">
          <reporter-output>
          </reporter-output>
        </test-method> <!-- CheckingOut -->
      </class> <!-- com.sbstore.test.LoginTest -->
      <class name="com.sbstore.test.HomeTest">
        <test-method signature="checklogo()[pri:0, instance:com.sbstore.test.HomeTest@bcec361]" started-at="2025-09-19T22:07:54 PKT" name="checklogo" finished-at="2025-09-19T22:07:54 PKT" duration-ms="28" status="PASS">
          <reporter-output>
          </reporter-output>
        </test-method> <!-- checklogo -->
      </class> <!-- com.sbstore.test.HomeTest -->
    </test> <!-- Test -->
  </suite> <!-- Suite -->
</testng-results>
