<?xml version="1.0" encoding="UTF-8"?>
<testng-results ignored="0" total="6" passed="6" failed="0" skipped="0">
  <reporter-output>
  </reporter-output>
  <suite started-at="2025-09-11T23:20:32 PKT" name="Suite" finished-at="2025-09-11T23:21:54 PKT" duration-ms="82749">
    <groups>
    </groups>
    <test started-at="2025-09-11T23:20:32 PKT" name="Test" finished-at="2025-09-11T23:21:54 PKT" duration-ms="82749">
      <class name="com.sbstore.test.LoginTest">
        <test-method is-config="true" signature="InitDrive()[pri:0, instance:com.sbstore.test.LoginTest@79079097]" started-at="2025-09-11T23:20:26 PKT" name="InitDrive" finished-at="2025-09-11T23:20:32 PKT" duration-ms="5314" status="PASS">
          <reporter-output>
          </reporter-output>
        </test-method> <!-- InitDrive -->
        <test-method signature="loginwithvalidcredentials()[pri:1, instance:com.sbstore.test.LoginTest@79079097]" started-at="2025-09-11T23:20:32 PKT" name="loginwithvalidcredentials" finished-at="2025-09-11T23:20:51 PKT" duration-ms="19845" status="PASS">
          <reporter-output>
          </reporter-output>
        </test-method> <!-- loginwithvalidcredentials -->
        <test-method signature="Selectingthecategory()[pri:2, instance:com.sbstore.test.LoginTest@79079097]" started-at="2025-09-11T23:20:52 PKT" name="Selectingthecategory" finished-at="2025-09-11T23:21:11 PKT" duration-ms="19186" status="PASS">
          <reporter-output>
          </reporter-output>
        </test-method> <!-- Selectingthecategory -->
        <test-method signature="SelectingtheSubCategory()[pri:3, instance:com.sbstore.test.LoginTest@79079097]" started-at="2025-09-11T23:21:11 PKT" name="SelectingtheSubCategory" finished-at="2025-09-11T23:21:26 PKT" duration-ms="15716" status="PASS">
          <reporter-output>
          </reporter-output>
        </test-method> <!-- SelectingtheSubCategory -->
        <test-method signature="Addingtocartproduct()[pri:4, instance:com.sbstore.test.LoginTest@79079097]" started-at="2025-09-11T23:21:26 PKT" name="Addingtocartproduct" finished-at="2025-09-11T23:21:27 PKT" duration-ms="1084" status="PASS">
          <reporter-output>
          </reporter-output>
        </test-method> <!-- Addingtocartproduct -->
        <test-method signature="GoingBacktohomepage()[pri:5, instance:com.sbstore.test.LoginTest@79079097]" started-at="2025-09-11T23:21:27 PKT" name="GoingBacktohomepage" finished-at="2025-09-11T23:21:54 PKT" duration-ms="26785" status="PASS">
          <reporter-output>
          </reporter-output>
        </test-method> <!-- GoingBacktohomepage -->
      </class> <!-- com.sbstore.test.LoginTest -->
      <class name="com.sbstore.test.HomeTest">
        <test-method signature="checklogo()[pri:0, instance:com.sbstore.test.HomeTest@302552ec]" started-at="2025-09-11T23:21:54 PKT" name="checklogo" finished-at="2025-09-11T23:21:54 PKT" duration-ms="59" status="PASS">
          <reporter-output>
          </reporter-output>
        </test-method> <!-- checklogo -->
      </class> <!-- com.sbstore.test.HomeTest -->
    </test> <!-- Test -->
  </suite> <!-- Suite -->
</testng-results>
